<?xml version="1.0" encoding="UTF-8"?>
<testng-results ignored="0" total="2" passed="2" failed="0" skipped="0">
  <reporter-output>
    <line>
      <![CDATA[Hello]]>
    </line>
    <line>
      <![CDATA[Hii]]>
    </line>
  </reporter-output>
  <suite started-at="2023-01-09T15:56:17 IST" name="Suite" finished-at="2023-01-09T15:56:17 IST" duration-ms="80">
    <groups>
    </groups>
    <test started-at="2023-01-09T15:56:17 IST" name="Test" finished-at="2023-01-09T15:56:17 IST" duration-ms="80">
      <class name="Demo1.Test1">
        <test-method signature="m1()[pri:0, instance:Demo1.Test1@34f5090e]" started-at="2023-01-09T15:56:17 IST" name="m1" finished-at="2023-01-09T15:56:17 IST" duration-ms="12" status="PASS">
          <reporter-output>
            <line>
              <![CDATA[Hello]]>
            </line>
          </reporter-output>
        </test-method> <!-- m1 -->
      </class> <!-- Demo1.Test1 -->
      <class name="Demo1.Test2">
        <test-method signature="m2()[pri:0, instance:Demo1.Test2@37654521]" started-at="2023-01-09T15:56:17 IST" name="m2" finished-at="2023-01-09T15:56:17 IST" duration-ms="2" status="PASS">
          <reporter-output>
            <line>
              <![CDATA[Hii]]>
            </line>
          </reporter-output>
        </test-method> <!-- m2 -->
      </class> <!-- Demo1.Test2 -->
    </test> <!-- Test -->
  </suite> <!-- Suite -->
</testng-results>
