<?xml version="1.0" encoding="UTF-8"?>
<testng-results ignored="0" total="2" passed="2" failed="0" skipped="0">
  <reporter-output>
    <line>
      <![CDATA[Hello]]>
    </line>
    <line>
      <![CDATA[Hii]]>
    </line>
  </reporter-output>
  <suite started-at="2023-01-09T15:46:36 IST" name="Default suite" finished-at="2023-01-09T15:46:36 IST" duration-ms="89">
    <groups>
    </groups>
    <test started-at="2023-01-09T15:46:36 IST" name="Default test" finished-at="2023-01-09T15:46:36 IST" duration-ms="89">
      <class name="Demo1.Test1">
        <test-method signature="m1()[pri:0, instance:Demo1.Test1@50b5ac82]" started-at="2023-01-09T15:46:36 IST" name="m1" finished-at="2023-01-09T15:46:36 IST" duration-ms="14" status="PASS">
          <reporter-output>
            <line>
              <![CDATA[Hello]]>
            </line>
          </reporter-output>
        </test-method> <!-- m1 -->
      </class> <!-- Demo1.Test1 -->
      <class name="Demo1.Test2">
        <test-method signature="m2()[pri:0, instance:Demo1.Test2@57d7f8ca]" started-at="2023-01-09T15:46:36 IST" name="m2" finished-at="2023-01-09T15:46:36 IST" duration-ms="2" status="PASS">
          <reporter-output>
            <line>
              <![CDATA[Hii]]>
            </line>
          </reporter-output>
        </test-method> <!-- m2 -->
      </class> <!-- Demo1.Test2 -->
    </test> <!-- Default test -->
  </suite> <!-- Default suite -->
</testng-results>
